<?xml version="1.0" encoding="UTF-8"?>
<!-- Generated by org.testng.reporters.JUnitReportReporter -->
<testsuite skipped="0" hostname="D0RZT32" name="com.restassured.project.tutorial.RestBasicScript" tests="1" failures="0" timestamp="05 Aug 2019 20:31:17 GMT" time="3.453" errors="0">
  <testcase name="restBasicScript" time="3.453" classname="com.restassured.project.tutorial.RestBasicScript"/>
</testsuite> <!-- com.restassured.project.tutorial.RestBasicScript -->
